{"C:\\Users\\ricar\\Desktop\\Apocrypha\\server\\controllers\\__test__\\cpfValido.js": {"path":"C:\\Users\\ricar\\Desktop\\Apocrypha\\server\\controllers\\__test__\\cpfValido.js","statementMap":{"0":{"start":{"line":2,"column":4},"end":{"line":11,"column":5}},"1":{"start":{"line":3,"column":8},"end":{"line":3,"column":48}},"2":{"start":{"line":5,"column":9},"end":{"line":11,"column":5}},"3":{"start":{"line":6,"column":8},"end":{"line":6,"column":49}},"4":{"start":{"line":7,"column":10},"end":{"line":11,"column":5}},"5":{"start":{"line":8,"column":8},"end":{"line":8,"column":30}},"6":{"start":{"line":10,"column":8},"end":{"line":10,"column":28}},"7":{"start":{"line":13,"column":0},"end":{"line":13,"column":27}}},"fnMap":{"0":{"name":"cpfValido","decl":{"start":{"line":1,"column":9},"end":{"line":1,"column":18}},"loc":{"start":{"line":1,"column":24},"end":{"line":12,"column":1}},"line":1}},"branchMap":{"0":{"loc":{"start":{"line":2,"column":4},"end":{"line":11,"column":5}},"type":"if","locations":[{"start":{"line":2,"column":4},"end":{"line":11,"column":5}},{"start":{"line":5,"column":9},"end":{"line":11,"column":5}}],"line":2},"1":{"loc":{"start":{"line":5,"column":9},"end":{"line":11,"column":5}},"type":"if","locations":[{"start":{"line":5,"column":9},"end":{"line":11,"column":5}},{"start":{"line":7,"column":10},"end":{"line":11,"column":5}}],"line":5},"2":{"loc":{"start":{"line":7,"column":10},"end":{"line":11,"column":5}},"type":"if","locations":[{"start":{"line":7,"column":10},"end":{"line":11,"column":5}},{"start":{"line":9,"column":9},"end":{"line":11,"column":5}}],"line":7}},"s":{"0":3,"1":1,"2":2,"3":1,"4":1,"5":0,"6":1,"7":1},"f":{"0":3},"b":{"0":[1,2],"1":[1,1],"2":[0,1]},"_coverageSchema":"1a1c01bbd47fc00a2c39e90264f33305004495a9","hash":"55023399149c576ae283405df4de1002aaa1ccf9"}
,"C:\\Users\\ricar\\Desktop\\Apocrypha\\server\\persistence\\bancoDeDados.js": {"path":"C:\\Users\\ricar\\Desktop\\Apocrypha\\server\\persistence\\bancoDeDados.js","statementMap":{"0":{"start":{"line":4,"column":4},"end":{"line":6,"column":5}},"1":{"start":{"line":5,"column":8},"end":{"line":5,"column":43}},"2":{"start":{"line":7,"column":17},"end":{"line":9,"column":6}},"3":{"start":{"line":10,"column":4},"end":{"line":10,"column":29}},"4":{"start":{"line":11,"column":4},"end":{"line":11,"column":26}}},"fnMap":{"0":{"name":"conectar","decl":{"start":{"line":3,"column":9},"end":{"line":3,"column":17}},"loc":{"start":{"line":3,"column":19},"end":{"line":12,"column":1}},"line":3}},"branchMap":{"0":{"loc":{"start":{"line":4,"column":4},"end":{"line":6,"column":5}},"type":"if","locations":[{"start":{"line":4,"column":4},"end":{"line":6,"column":5}},{"start":{},"end":{}}],"line":4}},"s":{"0":0,"1":0,"2":0,"3":0,"4":0},"f":{"0":0},"b":{"0":[0,0]},"_coverageSchema":"1a1c01bbd47fc00a2c39e90264f33305004495a9","hash":"b220bff15d17352b8dcb4c0375a7f596c24b3f41"}
,"C:\\Users\\ricar\\Desktop\\Apocrypha\\server\\persistence\\cliente.persistence.js": {"path":"C:\\Users\\ricar\\Desktop\\Apocrypha\\server\\persistence\\cliente.persistence.js","statementMap":{"0":{"start":{"line":10,"column":17},"end":{"line":10,"column":33}},"1":{"start":{"line":11,"column":4},"end":{"line":21,"column":5}},"2":{"start":{"line":12,"column":25},"end":{"line":12,"column":66}},"3":{"start":{"line":13,"column":8},"end":{"line":13,"column":34}},"4":{"start":{"line":14,"column":8},"end":{"line":14,"column":28}},"5":{"start":{"line":17,"column":8},"end":{"line":17,"column":25}},"6":{"start":{"line":20,"column":8},"end":{"line":20,"column":23}},"7":{"start":{"line":32,"column":17},"end":{"line":32,"column":33}},"8":{"start":{"line":34,"column":4},"end":{"line":44,"column":5}},"9":{"start":{"line":35,"column":25},"end":{"line":35,"column":86}},"10":{"start":{"line":36,"column":8},"end":{"line":36,"column":34}},"11":{"start":{"line":37,"column":8},"end":{"line":37,"column":29}},"12":{"start":{"line":40,"column":8},"end":{"line":40,"column":25}},"13":{"start":{"line":43,"column":8},"end":{"line":43,"column":23}},"14":{"start":{"line":56,"column":17},"end":{"line":56,"column":33}},"15":{"start":{"line":58,"column":4},"end":{"line":72,"column":5}},"16":{"start":{"line":59,"column":25},"end":{"line":62,"column":60}},"17":{"start":{"line":64,"column":8},"end":{"line":64,"column":57}},"18":{"start":{"line":65,"column":8},"end":{"line":65,"column":28}},"19":{"start":{"line":68,"column":8},"end":{"line":68,"column":25}},"20":{"start":{"line":71,"column":8},"end":{"line":71,"column":23}},"21":{"start":{"line":84,"column":17},"end":{"line":84,"column":33}},"22":{"start":{"line":85,"column":4},"end":{"line":95,"column":5}},"23":{"start":{"line":86,"column":25},"end":{"line":86,"column":96}},"24":{"start":{"line":87,"column":8},"end":{"line":87,"column":57}},"25":{"start":{"line":88,"column":8},"end":{"line":88,"column":28}},"26":{"start":{"line":91,"column":8},"end":{"line":91,"column":25}},"27":{"start":{"line":94,"column":8},"end":{"line":94,"column":23}},"28":{"start":{"line":107,"column":17},"end":{"line":107,"column":33}},"29":{"start":{"line":109,"column":4},"end":{"line":121,"column":5}},"30":{"start":{"line":110,"column":25},"end":{"line":113,"column":54}},"31":{"start":{"line":114,"column":8},"end":{"line":114,"column":28}},"32":{"start":{"line":117,"column":8},"end":{"line":117,"column":25}},"33":{"start":{"line":120,"column":8},"end":{"line":120,"column":23}}},"fnMap":{"0":{"name":"getAllClients","decl":{"start":{"line":8,"column":15},"end":{"line":8,"column":28}},"loc":{"start":{"line":8,"column":30},"end":{"line":22,"column":1}},"line":8},"1":{"name":"getClient","decl":{"start":{"line":31,"column":15},"end":{"line":31,"column":24}},"loc":{"start":{"line":31,"column":29},"end":{"line":45,"column":1}},"line":31},"2":{"name":"createClient","decl":{"start":{"line":54,"column":15},"end":{"line":54,"column":27}},"loc":{"start":{"line":54,"column":74},"end":{"line":73,"column":1}},"line":54},"3":{"name":"deleteClient","decl":{"start":{"line":82,"column":15},"end":{"line":82,"column":27}},"loc":{"start":{"line":82,"column":32},"end":{"line":96,"column":1}},"line":82},"4":{"name":"updateClient","decl":{"start":{"line":105,"column":15},"end":{"line":105,"column":27}},"loc":{"start":{"line":105,"column":68},"end":{"line":122,"column":1}},"line":105}},"branchMap":{},"s":{"0":0,"1":0,"2":0,"3":0,"4":0,"5":0,"6":0,"7":0,"8":0,"9":0,"10":0,"11":0,"12":0,"13":0,"14":0,"15":0,"16":0,"17":0,"18":0,"19":0,"20":0,"21":0,"22":0,"23":0,"24":0,"25":0,"26":0,"27":0,"28":0,"29":0,"30":0,"31":0,"32":0,"33":0},"f":{"0":0,"1":0,"2":0,"3":0,"4":0},"b":{},"_coverageSchema":"1a1c01bbd47fc00a2c39e90264f33305004495a9","hash":"5acb579c404dac2df715267aece4ac7834e9c275"}
,"C:\\Users\\ricar\\Desktop\\Apocrypha\\server\\persistence\\emprestimo.persistence.js": {"path":"C:\\Users\\ricar\\Desktop\\Apocrypha\\server\\persistence\\emprestimo.persistence.js","statementMap":{"0":{"start":{"line":5,"column":17},"end":{"line":5,"column":33}},"1":{"start":{"line":7,"column":4},"end":{"line":17,"column":5}},"2":{"start":{"line":8,"column":25},"end":{"line":8,"column":69}},"3":{"start":{"line":9,"column":8},"end":{"line":9,"column":34}},"4":{"start":{"line":10,"column":8},"end":{"line":10,"column":28}},"5":{"start":{"line":13,"column":8},"end":{"line":13,"column":25}},"6":{"start":{"line":16,"column":8},"end":{"line":16,"column":23}},"7":{"start":{"line":21,"column":17},"end":{"line":21,"column":33}},"8":{"start":{"line":23,"column":4},"end":{"line":33,"column":5}},"9":{"start":{"line":24,"column":25},"end":{"line":24,"column":87}},"10":{"start":{"line":25,"column":8},"end":{"line":25,"column":34}},"11":{"start":{"line":26,"column":8},"end":{"line":26,"column":29}},"12":{"start":{"line":29,"column":8},"end":{"line":29,"column":25}},"13":{"start":{"line":32,"column":8},"end":{"line":32,"column":23}},"14":{"start":{"line":38,"column":17},"end":{"line":38,"column":33}},"15":{"start":{"line":40,"column":4},"end":{"line":54,"column":5}},"16":{"start":{"line":41,"column":25},"end":{"line":44,"column":83}},"17":{"start":{"line":46,"column":8},"end":{"line":46,"column":57}},"18":{"start":{"line":47,"column":8},"end":{"line":47,"column":28}},"19":{"start":{"line":50,"column":8},"end":{"line":50,"column":25}},"20":{"start":{"line":53,"column":8},"end":{"line":53,"column":23}},"21":{"start":{"line":59,"column":17},"end":{"line":59,"column":33}},"22":{"start":{"line":60,"column":4},"end":{"line":70,"column":5}},"23":{"start":{"line":61,"column":25},"end":{"line":61,"column":97}},"24":{"start":{"line":62,"column":8},"end":{"line":62,"column":57}},"25":{"start":{"line":63,"column":8},"end":{"line":63,"column":28}},"26":{"start":{"line":66,"column":8},"end":{"line":66,"column":25}},"27":{"start":{"line":69,"column":8},"end":{"line":69,"column":23}},"28":{"start":{"line":75,"column":17},"end":{"line":75,"column":33}},"29":{"start":{"line":77,"column":4},"end":{"line":97,"column":5}},"30":{"start":{"line":79,"column":8},"end":{"line":89,"column":9}},"31":{"start":{"line":80,"column":12},"end":{"line":83,"column":92}},"32":{"start":{"line":85,"column":12},"end":{"line":88,"column":22}},"33":{"start":{"line":90,"column":8},"end":{"line":90,"column":29}},"34":{"start":{"line":93,"column":8},"end":{"line":93,"column":25}},"35":{"start":{"line":96,"column":8},"end":{"line":96,"column":23}},"36":{"start":{"line":102,"column":17},"end":{"line":102,"column":33}},"37":{"start":{"line":104,"column":4},"end":{"line":114,"column":5}},"38":{"start":{"line":105,"column":25},"end":{"line":106,"column":74}},"39":{"start":{"line":107,"column":8},"end":{"line":107,"column":29}},"40":{"start":{"line":110,"column":8},"end":{"line":110,"column":25}},"41":{"start":{"line":113,"column":8},"end":{"line":113,"column":23}}},"fnMap":{"0":{"name":"getAllLoans","decl":{"start":{"line":3,"column":15},"end":{"line":3,"column":26}},"loc":{"start":{"line":3,"column":28},"end":{"line":18,"column":1}},"line":3},"1":{"name":"getLoan","decl":{"start":{"line":20,"column":15},"end":{"line":20,"column":22}},"loc":{"start":{"line":20,"column":26},"end":{"line":34,"column":1}},"line":20},"2":{"name":"createLoan","decl":{"start":{"line":36,"column":15},"end":{"line":36,"column":25}},"loc":{"start":{"line":36,"column":95},"end":{"line":55,"column":1}},"line":36},"3":{"name":"deleteLoan","decl":{"start":{"line":57,"column":15},"end":{"line":57,"column":25}},"loc":{"start":{"line":57,"column":29},"end":{"line":71,"column":1}},"line":57},"4":{"name":"updateLoan","decl":{"start":{"line":73,"column":15},"end":{"line":73,"column":25}},"loc":{"start":{"line":73,"column":105},"end":{"line":98,"column":1}},"line":73},"5":{"name":"updateLoanDevolucao","decl":{"start":{"line":100,"column":15},"end":{"line":100,"column":34}},"loc":{"start":{"line":100,"column":38},"end":{"line":115,"column":1}},"line":100}},"branchMap":{"0":{"loc":{"start":{"line":79,"column":8},"end":{"line":89,"column":9}},"type":"if","locations":[{"start":{"line":79,"column":8},"end":{"line":89,"column":9}},{"start":{"line":84,"column":13},"end":{"line":89,"column":9}}],"line":79}},"s":{"0":0,"1":0,"2":0,"3":0,"4":0,"5":0,"6":0,"7":0,"8":0,"9":0,"10":0,"11":0,"12":0,"13":0,"14":0,"15":0,"16":0,"17":0,"18":0,"19":0,"20":0,"21":0,"22":0,"23":0,"24":0,"25":0,"26":0,"27":0,"28":0,"29":0,"30":0,"31":0,"32":0,"33":0,"34":0,"35":0,"36":0,"37":0,"38":0,"39":0,"40":0,"41":0},"f":{"0":0,"1":0,"2":0,"3":0,"4":0,"5":0},"b":{"0":[0,0]},"_coverageSchema":"1a1c01bbd47fc00a2c39e90264f33305004495a9","hash":"3283456de1829a62c700ad8c01006ca84eaba933"}
,"C:\\Users\\ricar\\Desktop\\Apocrypha\\server\\persistence\\livro.persistence.js": {"path":"C:\\Users\\ricar\\Desktop\\Apocrypha\\server\\persistence\\livro.persistence.js","statementMap":{"0":{"start":{"line":10,"column":17},"end":{"line":10,"column":33}},"1":{"start":{"line":11,"column":4},"end":{"line":21,"column":5}},"2":{"start":{"line":12,"column":25},"end":{"line":12,"column":64}},"3":{"start":{"line":13,"column":8},"end":{"line":13,"column":34}},"4":{"start":{"line":14,"column":8},"end":{"line":14,"column":28}},"5":{"start":{"line":17,"column":8},"end":{"line":17,"column":25}},"6":{"start":{"line":20,"column":8},"end":{"line":20,"column":23}},"7":{"start":{"line":32,"column":17},"end":{"line":32,"column":33}},"8":{"start":{"line":34,"column":4},"end":{"line":44,"column":5}},"9":{"start":{"line":35,"column":25},"end":{"line":35,"column":86}},"10":{"start":{"line":36,"column":8},"end":{"line":36,"column":34}},"11":{"start":{"line":37,"column":8},"end":{"line":37,"column":29}},"12":{"start":{"line":40,"column":8},"end":{"line":40,"column":25}},"13":{"start":{"line":43,"column":8},"end":{"line":43,"column":23}},"14":{"start":{"line":55,"column":17},"end":{"line":55,"column":33}},"15":{"start":{"line":57,"column":4},"end":{"line":67,"column":5}},"16":{"start":{"line":58,"column":25},"end":{"line":58,"column":82}},"17":{"start":{"line":59,"column":8},"end":{"line":59,"column":34}},"18":{"start":{"line":60,"column":8},"end":{"line":60,"column":29}},"19":{"start":{"line":63,"column":8},"end":{"line":63,"column":25}},"20":{"start":{"line":66,"column":8},"end":{"line":66,"column":23}},"21":{"start":{"line":79,"column":17},"end":{"line":79,"column":33}},"22":{"start":{"line":81,"column":4},"end":{"line":95,"column":5}},"23":{"start":{"line":82,"column":25},"end":{"line":85,"column":35}},"24":{"start":{"line":87,"column":8},"end":{"line":87,"column":57}},"25":{"start":{"line":88,"column":8},"end":{"line":88,"column":28}},"26":{"start":{"line":91,"column":8},"end":{"line":91,"column":25}},"27":{"start":{"line":94,"column":8},"end":{"line":94,"column":23}},"28":{"start":{"line":107,"column":17},"end":{"line":107,"column":33}},"29":{"start":{"line":108,"column":4},"end":{"line":118,"column":5}},"30":{"start":{"line":109,"column":25},"end":{"line":109,"column":92}},"31":{"start":{"line":110,"column":8},"end":{"line":110,"column":57}},"32":{"start":{"line":111,"column":8},"end":{"line":111,"column":28}},"33":{"start":{"line":114,"column":8},"end":{"line":114,"column":25}},"34":{"start":{"line":117,"column":8},"end":{"line":117,"column":23}},"35":{"start":{"line":130,"column":17},"end":{"line":130,"column":33}},"36":{"start":{"line":132,"column":4},"end":{"line":144,"column":5}},"37":{"start":{"line":133,"column":25},"end":{"line":136,"column":58}},"38":{"start":{"line":137,"column":8},"end":{"line":137,"column":28}},"39":{"start":{"line":140,"column":8},"end":{"line":140,"column":25}},"40":{"start":{"line":143,"column":8},"end":{"line":143,"column":23}}},"fnMap":{"0":{"name":"getAllLivros","decl":{"start":{"line":8,"column":15},"end":{"line":8,"column":27}},"loc":{"start":{"line":8,"column":29},"end":{"line":22,"column":1}},"line":8},"1":{"name":"getLivro","decl":{"start":{"line":31,"column":15},"end":{"line":31,"column":23}},"loc":{"start":{"line":31,"column":29},"end":{"line":45,"column":1}},"line":31},"2":{"name":"getLivroID","decl":{"start":{"line":54,"column":15},"end":{"line":54,"column":25}},"loc":{"start":{"line":54,"column":29},"end":{"line":68,"column":1}},"line":54},"3":{"name":"createLivro","decl":{"start":{"line":77,"column":15},"end":{"line":77,"column":26}},"loc":{"start":{"line":77,"column":48},"end":{"line":96,"column":1}},"line":77},"4":{"name":"deleteLivro","decl":{"start":{"line":105,"column":15},"end":{"line":105,"column":26}},"loc":{"start":{"line":105,"column":30},"end":{"line":119,"column":1}},"line":105},"5":{"name":"updateLivro","decl":{"start":{"line":128,"column":15},"end":{"line":128,"column":26}},"loc":{"start":{"line":128,"column":71},"end":{"line":145,"column":1}},"line":128}},"branchMap":{},"s":{"0":0,"1":0,"2":0,"3":0,"4":0,"5":0,"6":0,"7":0,"8":0,"9":0,"10":0,"11":0,"12":0,"13":0,"14":0,"15":0,"16":0,"17":0,"18":0,"19":0,"20":0,"21":0,"22":0,"23":0,"24":0,"25":0,"26":0,"27":0,"28":0,"29":0,"30":0,"31":0,"32":0,"33":0,"34":0,"35":0,"36":0,"37":0,"38":0,"39":0,"40":0},"f":{"0":0,"1":0,"2":0,"3":0,"4":0,"5":0},"b":{},"_coverageSchema":"1a1c01bbd47fc00a2c39e90264f33305004495a9","hash":"0b149f85ea8da61ed82b6fcf699a053bbc74f999"}
,"C:\\Users\\ricar\\Desktop\\Apocrypha\\server\\services\\cliente.service.js": {"path":"C:\\Users\\ricar\\Desktop\\Apocrypha\\server\\services\\cliente.service.js","statementMap":{"0":{"start":{"line":8,"column":4},"end":{"line":8,"column":52}},"1":{"start":{"line":18,"column":20},"end":{"line":18,"column":59}},"2":{"start":{"line":19,"column":4},"end":{"line":24,"column":5}},"3":{"start":{"line":20,"column":8},"end":{"line":20,"column":41}},"4":{"start":{"line":21,"column":8},"end":{"line":21,"column":37}},"5":{"start":{"line":23,"column":8},"end":{"line":23,"column":22}},"6":{"start":{"line":34,"column":20},"end":{"line":34,"column":59}},"7":{"start":{"line":35,"column":4},"end":{"line":40,"column":5}},"8":{"start":{"line":36,"column":8},"end":{"line":36,"column":40}},"9":{"start":{"line":37,"column":8},"end":{"line":37,"column":36}},"10":{"start":{"line":39,"column":8},"end":{"line":39,"column":99}},"11":{"start":{"line":51,"column":20},"end":{"line":51,"column":59}},"12":{"start":{"line":52,"column":4},"end":{"line":62,"column":5}},"13":{"start":{"line":53,"column":8},"end":{"line":53,"column":41}},"14":{"start":{"line":54,"column":8},"end":{"line":54,"column":37}},"15":{"start":{"line":56,"column":9},"end":{"line":62,"column":5}},"16":{"start":{"line":57,"column":8},"end":{"line":57,"column":39}},"17":{"start":{"line":58,"column":8},"end":{"line":58,"column":35}},"18":{"start":{"line":61,"column":8},"end":{"line":61,"column":57}},"19":{"start":{"line":73,"column":20},"end":{"line":73,"column":64}},"20":{"start":{"line":74,"column":21},"end":{"line":74,"column":60}},"21":{"start":{"line":76,"column":4},"end":{"line":86,"column":5}},"22":{"start":{"line":77,"column":8},"end":{"line":77,"column":41}},"23":{"start":{"line":78,"column":8},"end":{"line":78,"column":37}},"24":{"start":{"line":81,"column":8},"end":{"line":84,"column":9}},"25":{"start":{"line":82,"column":12},"end":{"line":82,"column":56}},"26":{"start":{"line":83,"column":12},"end":{"line":83,"column":50}},"27":{"start":{"line":85,"column":8},"end":{"line":85,"column":93}}},"fnMap":{"0":{"name":"getAllClients","decl":{"start":{"line":7,"column":15},"end":{"line":7,"column":28}},"loc":{"start":{"line":7,"column":30},"end":{"line":9,"column":1}},"line":7},"1":{"name":"getClient","decl":{"start":{"line":17,"column":15},"end":{"line":17,"column":24}},"loc":{"start":{"line":17,"column":29},"end":{"line":25,"column":1}},"line":17},"2":{"name":"createClient","decl":{"start":{"line":33,"column":15},"end":{"line":33,"column":27}},"loc":{"start":{"line":33,"column":74},"end":{"line":41,"column":1}},"line":33},"3":{"name":"deleteClient","decl":{"start":{"line":50,"column":15},"end":{"line":50,"column":27}},"loc":{"start":{"line":50,"column":32},"end":{"line":63,"column":1}},"line":50},"4":{"name":"updateClient","decl":{"start":{"line":72,"column":15},"end":{"line":72,"column":27}},"loc":{"start":{"line":72,"column":68},"end":{"line":87,"column":1}},"line":72}},"branchMap":{"0":{"loc":{"start":{"line":19,"column":4},"end":{"line":24,"column":5}},"type":"if","locations":[{"start":{"line":19,"column":4},"end":{"line":24,"column":5}},{"start":{"line":22,"column":9},"end":{"line":24,"column":5}}],"line":19},"1":{"loc":{"start":{"line":35,"column":4},"end":{"line":40,"column":5}},"type":"if","locations":[{"start":{"line":35,"column":4},"end":{"line":40,"column":5}},{"start":{"line":38,"column":9},"end":{"line":40,"column":5}}],"line":35},"2":{"loc":{"start":{"line":52,"column":4},"end":{"line":62,"column":5}},"type":"if","locations":[{"start":{"line":52,"column":4},"end":{"line":62,"column":5}},{"start":{"line":56,"column":9},"end":{"line":62,"column":5}}],"line":52},"3":{"loc":{"start":{"line":56,"column":9},"end":{"line":62,"column":5}},"type":"if","locations":[{"start":{"line":56,"column":9},"end":{"line":62,"column":5}},{"start":{"line":60,"column":8},"end":{"line":62,"column":5}}],"line":56},"4":{"loc":{"start":{"line":76,"column":4},"end":{"line":86,"column":5}},"type":"if","locations":[{"start":{"line":76,"column":4},"end":{"line":86,"column":5}},{"start":{"line":80,"column":8},"end":{"line":86,"column":5}}],"line":76},"5":{"loc":{"start":{"line":81,"column":8},"end":{"line":84,"column":9}},"type":"if","locations":[{"start":{"line":81,"column":8},"end":{"line":84,"column":9}},{"start":{},"end":{}}],"line":81},"6":{"loc":{"start":{"line":81,"column":12},"end":{"line":81,"column":59}},"type":"binary-expr","locations":[{"start":{"line":81,"column":12},"end":{"line":81,"column":44}},{"start":{"line":81,"column":48},"end":{"line":81,"column":59}}],"line":81}},"s":{"0":0,"1":0,"2":0,"3":0,"4":0,"5":0,"6":0,"7":0,"8":0,"9":0,"10":0,"11":0,"12":0,"13":0,"14":0,"15":0,"16":0,"17":0,"18":0,"19":0,"20":0,"21":0,"22":0,"23":0,"24":0,"25":0,"26":0,"27":0},"f":{"0":0,"1":0,"2":0,"3":0,"4":0},"b":{"0":[0,0],"1":[0,0],"2":[0,0],"3":[0,0],"4":[0,0],"5":[0,0],"6":[0,0]},"_coverageSchema":"1a1c01bbd47fc00a2c39e90264f33305004495a9","hash":"9260079483c29f3fea737d6b8d8cf81c62f7a9d8"}
,"C:\\Users\\ricar\\Desktop\\Apocrypha\\server\\services\\emprestimo.service.js": {"path":"C:\\Users\\ricar\\Desktop\\Apocrypha\\server\\services\\emprestimo.service.js","statementMap":{"0":{"start":{"line":7,"column":4},"end":{"line":7,"column":53}},"1":{"start":{"line":11,"column":23},"end":{"line":11,"column":62}},"2":{"start":{"line":12,"column":4},"end":{"line":17,"column":5}},"3":{"start":{"line":13,"column":8},"end":{"line":13,"column":40}},"4":{"start":{"line":14,"column":8},"end":{"line":14,"column":36}},"5":{"start":{"line":16,"column":8},"end":{"line":16,"column":25}},"6":{"start":{"line":21,"column":20},"end":{"line":21,"column":66}},"7":{"start":{"line":22,"column":18},"end":{"line":22,"column":60}},"8":{"start":{"line":24,"column":4},"end":{"line":39,"column":5}},"9":{"start":{"line":25,"column":8},"end":{"line":25,"column":45}},"10":{"start":{"line":26,"column":8},"end":{"line":26,"column":41}},"11":{"start":{"line":27,"column":10},"end":{"line":39,"column":5}},"12":{"start":{"line":28,"column":8},"end":{"line":28,"column":43}},"13":{"start":{"line":29,"column":8},"end":{"line":29,"column":39}},"14":{"start":{"line":32,"column":8},"end":{"line":38,"column":9}},"15":{"start":{"line":33,"column":12},"end":{"line":33,"column":127}},"16":{"start":{"line":36,"column":12},"end":{"line":36,"column":47}},"17":{"start":{"line":37,"column":12},"end":{"line":37,"column":43}},"18":{"start":{"line":43,"column":23},"end":{"line":43,"column":62}},"19":{"start":{"line":44,"column":4},"end":{"line":53,"column":5}},"20":{"start":{"line":45,"column":8},"end":{"line":45,"column":40}},"21":{"start":{"line":46,"column":8},"end":{"line":46,"column":36}},"22":{"start":{"line":47,"column":10},"end":{"line":53,"column":5}},"23":{"start":{"line":48,"column":8},"end":{"line":48,"column":46}},"24":{"start":{"line":49,"column":8},"end":{"line":49,"column":42}},"25":{"start":{"line":52,"column":8},"end":{"line":52,"column":57}},"26":{"start":{"line":57,"column":23},"end":{"line":57,"column":62}},"27":{"start":{"line":58,"column":20},"end":{"line":58,"column":66}},"28":{"start":{"line":59,"column":18},"end":{"line":59,"column":60}},"29":{"start":{"line":61,"column":4},"end":{"line":77,"column":5}},"30":{"start":{"line":62,"column":8},"end":{"line":62,"column":48}},"31":{"start":{"line":63,"column":8},"end":{"line":63,"column":44}},"32":{"start":{"line":64,"column":10},"end":{"line":77,"column":5}},"33":{"start":{"line":65,"column":8},"end":{"line":65,"column":45}},"34":{"start":{"line":66,"column":8},"end":{"line":66,"column":41}},"35":{"start":{"line":67,"column":10},"end":{"line":77,"column":5}},"36":{"start":{"line":68,"column":8},"end":{"line":68,"column":43}},"37":{"start":{"line":69,"column":8},"end":{"line":69,"column":39}},"38":{"start":{"line":71,"column":9},"end":{"line":77,"column":5}},"39":{"start":{"line":72,"column":8},"end":{"line":72,"column":43}},"40":{"start":{"line":73,"column":8},"end":{"line":73,"column":39}},"41":{"start":{"line":76,"column":8},"end":{"line":76,"column":133}},"42":{"start":{"line":81,"column":23},"end":{"line":81,"column":62}},"43":{"start":{"line":83,"column":4},"end":{"line":89,"column":5}},"44":{"start":{"line":84,"column":8},"end":{"line":84,"column":48}},"45":{"start":{"line":85,"column":8},"end":{"line":85,"column":44}},"46":{"start":{"line":88,"column":8},"end":{"line":88,"column":66}}},"fnMap":{"0":{"name":"getAllLoans","decl":{"start":{"line":6,"column":15},"end":{"line":6,"column":26}},"loc":{"start":{"line":6,"column":28},"end":{"line":8,"column":1}},"line":6},"1":{"name":"getLoan","decl":{"start":{"line":10,"column":15},"end":{"line":10,"column":22}},"loc":{"start":{"line":10,"column":26},"end":{"line":18,"column":1}},"line":10},"2":{"name":"createLoan","decl":{"start":{"line":20,"column":15},"end":{"line":20,"column":25}},"loc":{"start":{"line":20,"column":95},"end":{"line":40,"column":1}},"line":20},"3":{"name":"deleteLoan","decl":{"start":{"line":42,"column":15},"end":{"line":42,"column":25}},"loc":{"start":{"line":42,"column":29},"end":{"line":54,"column":1}},"line":42},"4":{"name":"updateLoan","decl":{"start":{"line":56,"column":15},"end":{"line":56,"column":25}},"loc":{"start":{"line":56,"column":105},"end":{"line":78,"column":1}},"line":56},"5":{"name":"updateLoanDevolucao","decl":{"start":{"line":80,"column":15},"end":{"line":80,"column":34}},"loc":{"start":{"line":80,"column":38},"end":{"line":90,"column":1}},"line":80}},"branchMap":{"0":{"loc":{"start":{"line":12,"column":4},"end":{"line":17,"column":5}},"type":"if","locations":[{"start":{"line":12,"column":4},"end":{"line":17,"column":5}},{"start":{"line":15,"column":9},"end":{"line":17,"column":5}}],"line":12},"1":{"loc":{"start":{"line":24,"column":4},"end":{"line":39,"column":5}},"type":"if","locations":[{"start":{"line":24,"column":4},"end":{"line":39,"column":5}},{"start":{"line":27,"column":10},"end":{"line":39,"column":5}}],"line":24},"2":{"loc":{"start":{"line":27,"column":10},"end":{"line":39,"column":5}},"type":"if","locations":[{"start":{"line":27,"column":10},"end":{"line":39,"column":5}},{"start":{"line":31,"column":8},"end":{"line":39,"column":5}}],"line":27},"3":{"loc":{"start":{"line":32,"column":8},"end":{"line":38,"column":9}},"type":"if","locations":[{"start":{"line":32,"column":8},"end":{"line":38,"column":9}},{"start":{"line":35,"column":13},"end":{"line":38,"column":9}}],"line":32},"4":{"loc":{"start":{"line":44,"column":4},"end":{"line":53,"column":5}},"type":"if","locations":[{"start":{"line":44,"column":4},"end":{"line":53,"column":5}},{"start":{"line":47,"column":10},"end":{"line":53,"column":5}}],"line":44},"5":{"loc":{"start":{"line":47,"column":10},"end":{"line":53,"column":5}},"type":"if","locations":[{"start":{"line":47,"column":10},"end":{"line":53,"column":5}},{"start":{"line":51,"column":8},"end":{"line":53,"column":5}}],"line":47},"6":{"loc":{"start":{"line":61,"column":4},"end":{"line":77,"column":5}},"type":"if","locations":[{"start":{"line":61,"column":4},"end":{"line":77,"column":5}},{"start":{"line":64,"column":10},"end":{"line":77,"column":5}}],"line":61},"7":{"loc":{"start":{"line":64,"column":10},"end":{"line":77,"column":5}},"type":"if","locations":[{"start":{"line":64,"column":10},"end":{"line":77,"column":5}},{"start":{"line":67,"column":10},"end":{"line":77,"column":5}}],"line":64},"8":{"loc":{"start":{"line":67,"column":10},"end":{"line":77,"column":5}},"type":"if","locations":[{"start":{"line":67,"column":10},"end":{"line":77,"column":5}},{"start":{"line":71,"column":9},"end":{"line":77,"column":5}}],"line":67},"9":{"loc":{"start":{"line":71,"column":9},"end":{"line":77,"column":5}},"type":"if","locations":[{"start":{"line":71,"column":9},"end":{"line":77,"column":5}},{"start":{"line":75,"column":8},"end":{"line":77,"column":5}}],"line":71},"10":{"loc":{"start":{"line":83,"column":4},"end":{"line":89,"column":5}},"type":"if","locations":[{"start":{"line":83,"column":4},"end":{"line":89,"column":5}},{"start":{"line":87,"column":8},"end":{"line":89,"column":5}}],"line":83}},"s":{"0":0,"1":0,"2":0,"3":0,"4":0,"5":0,"6":0,"7":0,"8":0,"9":0,"10":0,"11":0,"12":0,"13":0,"14":0,"15":0,"16":0,"17":0,"18":0,"19":0,"20":0,"21":0,"22":0,"23":0,"24":0,"25":0,"26":0,"27":0,"28":0,"29":0,"30":0,"31":0,"32":0,"33":0,"34":0,"35":0,"36":0,"37":0,"38":0,"39":0,"40":0,"41":0,"42":0,"43":0,"44":0,"45":0,"46":0},"f":{"0":0,"1":0,"2":0,"3":0,"4":0,"5":0},"b":{"0":[0,0],"1":[0,0],"2":[0,0],"3":[0,0],"4":[0,0],"5":[0,0],"6":[0,0],"7":[0,0],"8":[0,0],"9":[0,0],"10":[0,0]},"_coverageSchema":"1a1c01bbd47fc00a2c39e90264f33305004495a9","hash":"2c78aa6d6ba432f39302b9599b1bab49246701a3"}
,"C:\\Users\\ricar\\Desktop\\Apocrypha\\server\\services\\livro.service.js": {"path":"C:\\Users\\ricar\\Desktop\\Apocrypha\\server\\services\\livro.service.js","statementMap":{"0":{"start":{"line":8,"column":4},"end":{"line":8,"column":49}},"1":{"start":{"line":19,"column":18},"end":{"line":19,"column":55}},"2":{"start":{"line":20,"column":4},"end":{"line":25,"column":5}},"3":{"start":{"line":21,"column":8},"end":{"line":21,"column":42}},"4":{"start":{"line":22,"column":8},"end":{"line":22,"column":38}},"5":{"start":{"line":24,"column":8},"end":{"line":24,"column":20}},"6":{"start":{"line":36,"column":18},"end":{"line":36,"column":55}},"7":{"start":{"line":37,"column":4},"end":{"line":42,"column":5}},"8":{"start":{"line":38,"column":8},"end":{"line":38,"column":42}},"9":{"start":{"line":39,"column":8},"end":{"line":39,"column":38}},"10":{"start":{"line":41,"column":8},"end":{"line":41,"column":20}},"11":{"start":{"line":53,"column":18},"end":{"line":53,"column":55}},"12":{"start":{"line":54,"column":4},"end":{"line":59,"column":5}},"13":{"start":{"line":55,"column":8},"end":{"line":55,"column":42}},"14":{"start":{"line":56,"column":8},"end":{"line":56,"column":38}},"15":{"start":{"line":58,"column":8},"end":{"line":58,"column":71}},"16":{"start":{"line":69,"column":18},"end":{"line":69,"column":55}},"17":{"start":{"line":70,"column":4},"end":{"line":80,"column":5}},"18":{"start":{"line":71,"column":8},"end":{"line":71,"column":43}},"19":{"start":{"line":72,"column":8},"end":{"line":72,"column":39}},"20":{"start":{"line":74,"column":9},"end":{"line":80,"column":5}},"21":{"start":{"line":75,"column":8},"end":{"line":75,"column":43}},"22":{"start":{"line":76,"column":8},"end":{"line":76,"column":39}},"23":{"start":{"line":79,"column":8},"end":{"line":79,"column":53}},"24":{"start":{"line":90,"column":18},"end":{"line":90,"column":60}},"25":{"start":{"line":91,"column":19},"end":{"line":91,"column":56}},"26":{"start":{"line":93,"column":4},"end":{"line":103,"column":5}},"27":{"start":{"line":94,"column":8},"end":{"line":94,"column":43}},"28":{"start":{"line":95,"column":8},"end":{"line":95,"column":39}},"29":{"start":{"line":98,"column":8},"end":{"line":101,"column":9}},"30":{"start":{"line":99,"column":12},"end":{"line":99,"column":57}},"31":{"start":{"line":100,"column":12},"end":{"line":100,"column":51}},"32":{"start":{"line":102,"column":8},"end":{"line":102,"column":93}}},"fnMap":{"0":{"name":"getAllLivros","decl":{"start":{"line":7,"column":15},"end":{"line":7,"column":27}},"loc":{"start":{"line":7,"column":29},"end":{"line":9,"column":1}},"line":7},"1":{"name":"getLivro","decl":{"start":{"line":18,"column":15},"end":{"line":18,"column":23}},"loc":{"start":{"line":18,"column":29},"end":{"line":26,"column":1}},"line":18},"2":{"name":"getLivroID","decl":{"start":{"line":35,"column":15},"end":{"line":35,"column":25}},"loc":{"start":{"line":35,"column":29},"end":{"line":43,"column":1}},"line":35},"3":{"name":"createLivro","decl":{"start":{"line":52,"column":15},"end":{"line":52,"column":26}},"loc":{"start":{"line":52,"column":48},"end":{"line":60,"column":1}},"line":52},"4":{"name":"deleteLivro","decl":{"start":{"line":68,"column":15},"end":{"line":68,"column":26}},"loc":{"start":{"line":68,"column":30},"end":{"line":81,"column":1}},"line":68},"5":{"name":"updateLivro","decl":{"start":{"line":89,"column":15},"end":{"line":89,"column":26}},"loc":{"start":{"line":89,"column":70},"end":{"line":104,"column":1}},"line":89}},"branchMap":{"0":{"loc":{"start":{"line":20,"column":4},"end":{"line":25,"column":5}},"type":"if","locations":[{"start":{"line":20,"column":4},"end":{"line":25,"column":5}},{"start":{"line":23,"column":9},"end":{"line":25,"column":5}}],"line":20},"1":{"loc":{"start":{"line":37,"column":4},"end":{"line":42,"column":5}},"type":"if","locations":[{"start":{"line":37,"column":4},"end":{"line":42,"column":5}},{"start":{"line":40,"column":9},"end":{"line":42,"column":5}}],"line":37},"2":{"loc":{"start":{"line":54,"column":4},"end":{"line":59,"column":5}},"type":"if","locations":[{"start":{"line":54,"column":4},"end":{"line":59,"column":5}},{"start":{"line":57,"column":9},"end":{"line":59,"column":5}}],"line":54},"3":{"loc":{"start":{"line":70,"column":4},"end":{"line":80,"column":5}},"type":"if","locations":[{"start":{"line":70,"column":4},"end":{"line":80,"column":5}},{"start":{"line":74,"column":9},"end":{"line":80,"column":5}}],"line":70},"4":{"loc":{"start":{"line":74,"column":9},"end":{"line":80,"column":5}},"type":"if","locations":[{"start":{"line":74,"column":9},"end":{"line":80,"column":5}},{"start":{"line":78,"column":8},"end":{"line":80,"column":5}}],"line":74},"5":{"loc":{"start":{"line":93,"column":4},"end":{"line":103,"column":5}},"type":"if","locations":[{"start":{"line":93,"column":4},"end":{"line":103,"column":5}},{"start":{"line":97,"column":8},"end":{"line":103,"column":5}}],"line":93},"6":{"loc":{"start":{"line":98,"column":8},"end":{"line":101,"column":9}},"type":"if","locations":[{"start":{"line":98,"column":8},"end":{"line":101,"column":9}},{"start":{},"end":{}}],"line":98},"7":{"loc":{"start":{"line":98,"column":12},"end":{"line":98,"column":59}},"type":"binary-expr","locations":[{"start":{"line":98,"column":12},"end":{"line":98,"column":46}},{"start":{"line":98,"column":50},"end":{"line":98,"column":59}}],"line":98}},"s":{"0":0,"1":0,"2":0,"3":0,"4":0,"5":0,"6":0,"7":0,"8":0,"9":0,"10":0,"11":0,"12":0,"13":0,"14":0,"15":0,"16":0,"17":0,"18":0,"19":0,"20":0,"21":0,"22":0,"23":0,"24":0,"25":0,"26":0,"27":0,"28":0,"29":0,"30":0,"31":0,"32":0},"f":{"0":0,"1":0,"2":0,"3":0,"4":0,"5":0},"b":{"0":[0,0],"1":[0,0],"2":[0,0],"3":[0,0],"4":[0,0],"5":[0,0],"6":[0,0],"7":[0,0]},"_coverageSchema":"1a1c01bbd47fc00a2c39e90264f33305004495a9","hash":"b9b5cbb4f04ee187badc7f0413ee98a989b99780"}
}
