{"C:\\Users\\ricar\\Desktop\\Apocrypha\\server\\controllers\\__test__\\cpfValido.js": {"path":"C:\\Users\\ricar\\Desktop\\Apocrypha\\server\\controllers\\__test__\\cpfValido.js","statementMap":{"0":{"start":{"line":2,"column":4},"end":{"line":11,"column":5}},"1":{"start":{"line":3,"column":8},"end":{"line":3,"column":48}},"2":{"start":{"line":5,"column":9},"end":{"line":11,"column":5}},"3":{"start":{"line":6,"column":8},"end":{"line":6,"column":49}},"4":{"start":{"line":7,"column":10},"end":{"line":11,"column":5}},"5":{"start":{"line":8,"column":8},"end":{"line":8,"column":30}},"6":{"start":{"line":10,"column":8},"end":{"line":10,"column":28}},"7":{"start":{"line":13,"column":0},"end":{"line":13,"column":27}}},"fnMap":{"0":{"name":"cpfValido","decl":{"start":{"line":1,"column":9},"end":{"line":1,"column":18}},"loc":{"start":{"line":1,"column":24},"end":{"line":12,"column":1}},"line":1}},"branchMap":{"0":{"loc":{"start":{"line":2,"column":4},"end":{"line":11,"column":5}},"type":"if","locations":[{"start":{"line":2,"column":4},"end":{"line":11,"column":5}},{"start":{"line":5,"column":9},"end":{"line":11,"column":5}}],"line":2},"1":{"loc":{"start":{"line":5,"column":9},"end":{"line":11,"column":5}},"type":"if","locations":[{"start":{"line":5,"column":9},"end":{"line":11,"column":5}},{"start":{"line":7,"column":10},"end":{"line":11,"column":5}}],"line":5},"2":{"loc":{"start":{"line":7,"column":10},"end":{"line":11,"column":5}},"type":"if","locations":[{"start":{"line":7,"column":10},"end":{"line":11,"column":5}},{"start":{"line":9,"column":9},"end":{"line":11,"column":5}}],"line":7}},"s":{"0":3,"1":1,"2":2,"3":1,"4":1,"5":0,"6":1,"7":1},"f":{"0":3},"b":{"0":[1,2],"1":[1,1],"2":[0,1]},"_coverageSchema":"1a1c01bbd47fc00a2c39e90264f33305004495a9","hash":"55023399149c576ae283405df4de1002aaa1ccf9"}
,"C:\\Users\\ricar\\Desktop\\Apocrypha\\server\\persistence\\bancoDeDados.js": {"path":"C:\\Users\\ricar\\Desktop\\Apocrypha\\server\\persistence\\bancoDeDados.js","statementMap":{"0":{"start":{"line":4,"column":4},"end":{"line":6,"column":5}},"1":{"start":{"line":5,"column":8},"end":{"line":5,"column":43}},"2":{"start":{"line":7,"column":17},"end":{"line":9,"column":6}},"3":{"start":{"line":10,"column":4},"end":{"line":10,"column":29}},"4":{"start":{"line":11,"column":4},"end":{"line":11,"column":26}}},"fnMap":{"0":{"name":"conectar","decl":{"start":{"line":3,"column":9},"end":{"line":3,"column":17}},"loc":{"start":{"line":3,"column":19},"end":{"line":12,"column":1}},"line":3}},"branchMap":{"0":{"loc":{"start":{"line":4,"column":4},"end":{"line":6,"column":5}},"type":"if","locations":[{"start":{"line":4,"column":4},"end":{"line":6,"column":5}},{"start":{},"end":{}}],"line":4}},"s":{"0":1,"1":0,"2":1,"3":1,"4":1},"f":{"0":1},"b":{"0":[0,1]},"_coverageSchema":"1a1c01bbd47fc00a2c39e90264f33305004495a9","hash":"b220bff15d17352b8dcb4c0375a7f596c24b3f41"}
,"C:\\Users\\ricar\\Desktop\\Apocrypha\\server\\persistence\\cliente.persistence.js": {"path":"C:\\Users\\ricar\\Desktop\\Apocrypha\\server\\persistence\\cliente.persistence.js","statementMap":{"0":{"start":{"line":10,"column":17},"end":{"line":10,"column":33}},"1":{"start":{"line":11,"column":4},"end":{"line":21,"column":5}},"2":{"start":{"line":12,"column":25},"end":{"line":12,"column":66}},"3":{"start":{"line":13,"column":8},"end":{"line":13,"column":34}},"4":{"start":{"line":14,"column":8},"end":{"line":14,"column":28}},"5":{"start":{"line":17,"column":8},"end":{"line":17,"column":25}},"6":{"start":{"line":20,"column":8},"end":{"line":20,"column":23}},"7":{"start":{"line":32,"column":17},"end":{"line":32,"column":33}},"8":{"start":{"line":34,"column":4},"end":{"line":44,"column":5}},"9":{"start":{"line":35,"column":25},"end":{"line":35,"column":86}},"10":{"start":{"line":36,"column":8},"end":{"line":36,"column":34}},"11":{"start":{"line":37,"column":8},"end":{"line":37,"column":29}},"12":{"start":{"line":40,"column":8},"end":{"line":40,"column":25}},"13":{"start":{"line":43,"column":8},"end":{"line":43,"column":23}},"14":{"start":{"line":56,"column":17},"end":{"line":56,"column":33}},"15":{"start":{"line":58,"column":4},"end":{"line":72,"column":5}},"16":{"start":{"line":59,"column":25},"end":{"line":62,"column":60}},"17":{"start":{"line":64,"column":8},"end":{"line":64,"column":57}},"18":{"start":{"line":65,"column":8},"end":{"line":65,"column":28}},"19":{"start":{"line":68,"column":8},"end":{"line":68,"column":25}},"20":{"start":{"line":71,"column":8},"end":{"line":71,"column":23}},"21":{"start":{"line":84,"column":17},"end":{"line":84,"column":33}},"22":{"start":{"line":85,"column":4},"end":{"line":95,"column":5}},"23":{"start":{"line":86,"column":25},"end":{"line":86,"column":96}},"24":{"start":{"line":87,"column":8},"end":{"line":87,"column":57}},"25":{"start":{"line":88,"column":8},"end":{"line":88,"column":28}},"26":{"start":{"line":91,"column":8},"end":{"line":91,"column":25}},"27":{"start":{"line":94,"column":8},"end":{"line":94,"column":23}},"28":{"start":{"line":107,"column":17},"end":{"line":107,"column":33}},"29":{"start":{"line":109,"column":4},"end":{"line":121,"column":5}},"30":{"start":{"line":110,"column":25},"end":{"line":113,"column":54}},"31":{"start":{"line":114,"column":8},"end":{"line":114,"column":28}},"32":{"start":{"line":117,"column":8},"end":{"line":117,"column":25}},"33":{"start":{"line":120,"column":8},"end":{"line":120,"column":23}}},"fnMap":{"0":{"name":"getAllClients","decl":{"start":{"line":8,"column":15},"end":{"line":8,"column":28}},"loc":{"start":{"line":8,"column":30},"end":{"line":22,"column":1}},"line":8},"1":{"name":"getClient","decl":{"start":{"line":31,"column":15},"end":{"line":31,"column":24}},"loc":{"start":{"line":31,"column":29},"end":{"line":45,"column":1}},"line":31},"2":{"name":"createClient","decl":{"start":{"line":54,"column":15},"end":{"line":54,"column":27}},"loc":{"start":{"line":54,"column":74},"end":{"line":73,"column":1}},"line":54},"3":{"name":"deleteClient","decl":{"start":{"line":82,"column":15},"end":{"line":82,"column":27}},"loc":{"start":{"line":82,"column":32},"end":{"line":96,"column":1}},"line":82},"4":{"name":"updateClient","decl":{"start":{"line":105,"column":15},"end":{"line":105,"column":27}},"loc":{"start":{"line":105,"column":68},"end":{"line":122,"column":1}},"line":105}},"branchMap":{},"s":{"0":0,"1":0,"2":0,"3":0,"4":0,"5":0,"6":0,"7":1,"8":0,"9":0,"10":0,"11":0,"12":0,"13":0,"14":0,"15":0,"16":0,"17":0,"18":0,"19":0,"20":0,"21":0,"22":0,"23":0,"24":0,"25":0,"26":0,"27":0,"28":0,"29":0,"30":0,"31":0,"32":0,"33":0},"f":{"0":0,"1":1,"2":0,"3":0,"4":0},"b":{},"_coverageSchema":"1a1c01bbd47fc00a2c39e90264f33305004495a9","hash":"5acb579c404dac2df715267aece4ac7834e9c275"}
,"C:\\Users\\ricar\\Desktop\\Apocrypha\\server\\services\\cliente.service.js": {"path":"C:\\Users\\ricar\\Desktop\\Apocrypha\\server\\services\\cliente.service.js","statementMap":{"0":{"start":{"line":8,"column":4},"end":{"line":8,"column":52}},"1":{"start":{"line":18,"column":20},"end":{"line":18,"column":59}},"2":{"start":{"line":19,"column":4},"end":{"line":24,"column":5}},"3":{"start":{"line":20,"column":8},"end":{"line":20,"column":41}},"4":{"start":{"line":21,"column":8},"end":{"line":21,"column":37}},"5":{"start":{"line":23,"column":8},"end":{"line":23,"column":22}},"6":{"start":{"line":34,"column":20},"end":{"line":34,"column":59}},"7":{"start":{"line":35,"column":4},"end":{"line":40,"column":5}},"8":{"start":{"line":36,"column":8},"end":{"line":36,"column":40}},"9":{"start":{"line":37,"column":8},"end":{"line":37,"column":36}},"10":{"start":{"line":39,"column":8},"end":{"line":39,"column":99}},"11":{"start":{"line":51,"column":20},"end":{"line":51,"column":59}},"12":{"start":{"line":52,"column":4},"end":{"line":62,"column":5}},"13":{"start":{"line":53,"column":8},"end":{"line":53,"column":41}},"14":{"start":{"line":54,"column":8},"end":{"line":54,"column":37}},"15":{"start":{"line":56,"column":9},"end":{"line":62,"column":5}},"16":{"start":{"line":57,"column":8},"end":{"line":57,"column":39}},"17":{"start":{"line":58,"column":8},"end":{"line":58,"column":35}},"18":{"start":{"line":61,"column":8},"end":{"line":61,"column":57}},"19":{"start":{"line":73,"column":20},"end":{"line":73,"column":64}},"20":{"start":{"line":74,"column":21},"end":{"line":74,"column":60}},"21":{"start":{"line":76,"column":4},"end":{"line":86,"column":5}},"22":{"start":{"line":77,"column":8},"end":{"line":77,"column":41}},"23":{"start":{"line":78,"column":8},"end":{"line":78,"column":37}},"24":{"start":{"line":81,"column":8},"end":{"line":84,"column":9}},"25":{"start":{"line":82,"column":12},"end":{"line":82,"column":56}},"26":{"start":{"line":83,"column":12},"end":{"line":83,"column":50}},"27":{"start":{"line":85,"column":8},"end":{"line":85,"column":93}}},"fnMap":{"0":{"name":"getAllClients","decl":{"start":{"line":7,"column":15},"end":{"line":7,"column":28}},"loc":{"start":{"line":7,"column":30},"end":{"line":9,"column":1}},"line":7},"1":{"name":"getClient","decl":{"start":{"line":17,"column":15},"end":{"line":17,"column":24}},"loc":{"start":{"line":17,"column":29},"end":{"line":25,"column":1}},"line":17},"2":{"name":"createClient","decl":{"start":{"line":33,"column":15},"end":{"line":33,"column":27}},"loc":{"start":{"line":33,"column":74},"end":{"line":41,"column":1}},"line":33},"3":{"name":"deleteClient","decl":{"start":{"line":50,"column":15},"end":{"line":50,"column":27}},"loc":{"start":{"line":50,"column":32},"end":{"line":63,"column":1}},"line":50},"4":{"name":"updateClient","decl":{"start":{"line":72,"column":15},"end":{"line":72,"column":27}},"loc":{"start":{"line":72,"column":68},"end":{"line":87,"column":1}},"line":72}},"branchMap":{"0":{"loc":{"start":{"line":19,"column":4},"end":{"line":24,"column":5}},"type":"if","locations":[{"start":{"line":19,"column":4},"end":{"line":24,"column":5}},{"start":{"line":22,"column":9},"end":{"line":24,"column":5}}],"line":19},"1":{"loc":{"start":{"line":35,"column":4},"end":{"line":40,"column":5}},"type":"if","locations":[{"start":{"line":35,"column":4},"end":{"line":40,"column":5}},{"start":{"line":38,"column":9},"end":{"line":40,"column":5}}],"line":35},"2":{"loc":{"start":{"line":52,"column":4},"end":{"line":62,"column":5}},"type":"if","locations":[{"start":{"line":52,"column":4},"end":{"line":62,"column":5}},{"start":{"line":56,"column":9},"end":{"line":62,"column":5}}],"line":52},"3":{"loc":{"start":{"line":56,"column":9},"end":{"line":62,"column":5}},"type":"if","locations":[{"start":{"line":56,"column":9},"end":{"line":62,"column":5}},{"start":{"line":60,"column":8},"end":{"line":62,"column":5}}],"line":56},"4":{"loc":{"start":{"line":76,"column":4},"end":{"line":86,"column":5}},"type":"if","locations":[{"start":{"line":76,"column":4},"end":{"line":86,"column":5}},{"start":{"line":80,"column":8},"end":{"line":86,"column":5}}],"line":76},"5":{"loc":{"start":{"line":81,"column":8},"end":{"line":84,"column":9}},"type":"if","locations":[{"start":{"line":81,"column":8},"end":{"line":84,"column":9}},{"start":{},"end":{}}],"line":81},"6":{"loc":{"start":{"line":81,"column":12},"end":{"line":81,"column":59}},"type":"binary-expr","locations":[{"start":{"line":81,"column":12},"end":{"line":81,"column":44}},{"start":{"line":81,"column":48},"end":{"line":81,"column":59}}],"line":81}},"s":{"0":0,"1":1,"2":0,"3":0,"4":0,"5":0,"6":0,"7":0,"8":0,"9":0,"10":0,"11":0,"12":0,"13":0,"14":0,"15":0,"16":0,"17":0,"18":0,"19":0,"20":0,"21":0,"22":0,"23":0,"24":0,"25":0,"26":0,"27":0},"f":{"0":0,"1":1,"2":0,"3":0,"4":0},"b":{"0":[0,0],"1":[0,0],"2":[0,0],"3":[0,0],"4":[0,0],"5":[0,0],"6":[0,0]},"_coverageSchema":"1a1c01bbd47fc00a2c39e90264f33305004495a9","hash":"9260079483c29f3fea737d6b8d8cf81c62f7a9d8"}
}
