TN:
SF:controllers\__test__\cpfValido.js
FN:1,cpfValido
FNF:1
FNH:1
FNDA:3,cpfValido
DA:2,3
DA:3,1
DA:5,2
DA:6,1
DA:7,1
DA:8,0
DA:10,1
DA:13,1
LF:8
LH:7
BRDA:2,0,0,1
BRDA:2,0,1,2
BRDA:5,1,0,1
BRDA:5,1,1,1
BRDA:7,2,0,0
BRDA:7,2,1,1
BRF:6
BRH:5
end_of_record
TN:
SF:persistence\bancoDeDados.js
FN:3,conectar
FNF:1
FNH:1
FNDA:1,conectar
DA:4,1
DA:5,0
DA:7,1
DA:10,1
DA:11,1
LF:5
LH:4
BRDA:4,0,0,0
BRDA:4,0,1,1
BRF:2
BRH:1
end_of_record
TN:
SF:persistence\cliente.persistence.js
FN:8,getAllClients
FN:31,getClient
FN:54,createClient
FN:82,deleteClient
FN:105,updateClient
FNF:5
FNH:1
FNDA:0,getAllClients
FNDA:1,getClient
FNDA:0,createClient
FNDA:0,deleteClient
FNDA:0,updateClient
DA:10,0
DA:11,0
DA:12,0
DA:13,0
DA:14,0
DA:17,0
DA:20,0
DA:32,1
DA:34,0
DA:35,0
DA:36,0
DA:37,0
DA:40,0
DA:43,0
DA:56,0
DA:58,0
DA:59,0
DA:64,0
DA:65,0
DA:68,0
DA:71,0
DA:84,0
DA:85,0
DA:86,0
DA:87,0
DA:88,0
DA:91,0
DA:94,0
DA:107,0
DA:109,0
DA:110,0
DA:114,0
DA:117,0
DA:120,0
LF:34
LH:1
BRF:0
BRH:0
end_of_record
TN:
SF:services\cliente.service.js
FN:7,getAllClients
FN:17,getClient
FN:33,createClient
FN:50,deleteClient
FN:72,updateClient
FNF:5
FNH:1
FNDA:0,getAllClients
FNDA:1,getClient
FNDA:0,createClient
FNDA:0,deleteClient
FNDA:0,updateClient
DA:8,0
DA:18,1
DA:19,0
DA:20,0
DA:21,0
DA:23,0
DA:34,0
DA:35,0
DA:36,0
DA:37,0
DA:39,0
DA:51,0
DA:52,0
DA:53,0
DA:54,0
DA:56,0
DA:57,0
DA:58,0
DA:61,0
DA:73,0
DA:74,0
DA:76,0
DA:77,0
DA:78,0
DA:81,0
DA:82,0
DA:83,0
DA:85,0
LF:28
LH:1
BRDA:19,0,0,0
BRDA:19,0,1,0
BRDA:35,1,0,0
BRDA:35,1,1,0
BRDA:52,2,0,0
BRDA:52,2,1,0
BRDA:56,3,0,0
BRDA:56,3,1,0
BRDA:76,4,0,0
BRDA:76,4,1,0
BRDA:81,5,0,0
BRDA:81,5,1,0
BRDA:81,6,0,0
BRDA:81,6,1,0
BRF:14
BRH:0
end_of_record
